Service/serviceTest/build/outputs/logs/manifest-merger-debug-report.txt
-- Merging decision tree log ---
manifest
ADDED from src\main\AndroidManifest.xml:2:1-20:12
	package
		ADDED from src\main\AndroidManifest.xml:3:7-31
		INJECTED from src\main\AndroidManifest.xml
		INJECTED from src\main\AndroidManifest.xml
	android:versionName
		ADDED from src\main\AndroidManifest.xml:5:7-32
		INJECTED from src\main\AndroidManifest.xml
		INJECTED from src\main\AndroidManifest.xml
	android:versionCode
		ADDED from src\main\AndroidManifest.xml:4:7-30
		INJECTED from src\main\AndroidManifest.xml
		INJECTED from src\main\AndroidManifest.xml
	xmlns:android
		ADDED from src\main\AndroidManifest.xml:2:11-69
uses-sdk
ADDED from src\main\AndroidManifest.xml:6:5-43
	android:targetSdkVersion
		INJECTED from src\main\AndroidManifest.xml
		INJECTED from src\main\AndroidManifest.xml
	android:minSdkVersion
		ADDED from src\main\AndroidManifest.xml:6:15-40
		INJECTED from src\main\AndroidManifest.xml
		INJECTED from src\main\AndroidManifest.xml
application
ADDED from src\main\AndroidManifest.xml:8:5-19:19
	android:label
		ADDED from src\main\AndroidManifest.xml:8:48-80
	android:icon
		ADDED from src\main\AndroidManifest.xml:8:18-47
activity#com.newcj.test.Main
ADDED from src\main\AndroidManifest.xml:9:9-15:20
	android:label
		ADDED from src\main\AndroidManifest.xml:10:19-51
	android:name
		ADDED from src\main\AndroidManifest.xml:9:19-39
intent-filter#android.intent.action.MAIN+android.intent.category.LAUNCHER
ADDED from src\main\AndroidManifest.xml:11:13-14:29
action#android.intent.action.MAIN
ADDED from src\main\AndroidManifest.xml:12:17-69
	android:name
		ADDED from src\main\AndroidManifest.xml:12:25-66
category#android.intent.category.LAUNCHER
ADDED from src\main\AndroidManifest.xml:13:17-77
	android:name
		ADDED from src\main\AndroidManifest.xml:13:27-74
service#com.newcj.test.LocalService
ADDED from src\main\AndroidManifest.xml:16:3-76
	android:exported
		ADDED from src\main\AndroidManifest.xml:16:41-65
	android:name
		ADDED from src\main\AndroidManifest.xml:16:12-40
service#com.newcj.test.LocalService1
ADDED from src\main\AndroidManifest.xml:17:3-77
	android:exported
		ADDED from src\main\AndroidManifest.xml:17:42-66
	android:name
		ADDED from src\main\AndroidManifest.xml:17:12-41
service#com.newcj.test.ForegroundService
ADDED from src\main\AndroidManifest.xml:18:3-81
	android:exported
		ADDED from src\main\AndroidManifest.xml:18:46-70
	android:name
		ADDED from src\main\AndroidManifest.xml:18:12-45